<?xml version="1.0" encoding="UTF-8"?>
<!-- Generated by org.testng.reporters.JUnitReportReporter -->
<testsuite hostname="DESKTOP-BH068LO" failures="0" tests="2" name="quickacademy.MymavenProject.AppiumTest" time="0.003" errors="0" timestamp="2021-02-18T15:30:02 IST" skipped="0">
  <testcase classname="quickacademy.MymavenProject.AppiumTest" name="IOAPP" time="0.001"/>
  <system-out/>
  <testcase classname="quickacademy.MymavenProject.AppiumTest" name="NativeAppAndroid" time="0.002"/>
  <system-out/>
</testsuite> <!-- quickacademy.MymavenProject.AppiumTest -->
