<?xml version="1.0" encoding="UTF-8"?>
<!-- Generated by org.testng.reporters.JUnitReportReporter -->
<testsuite hostname="DESKTOP-BH068LO" failures="0" tests="2" name="quickacademy.MymavenProject.SeliniumTest" time="0.014" errors="0" timestamp="2021-02-18T15:30:28 IST" skipped="0">
  <testcase classname="quickacademy.MymavenProject.SeliniumTest" name="BrowserAutomation" time="0.008"/>
  <system-out/>
  <testcase classname="quickacademy.MymavenProject.SeliniumTest" name="ElementUI" time="0.006"/>
  <system-out/>
</testsuite> <!-- quickacademy.MymavenProject.SeliniumTest -->
