<?xml version="1.0" encoding="UTF-8"?>
<!-- Generated by org.testng.reporters.JUnitReportReporter -->
<testsuite hostname="DESKTOP-BH068LO" failures="0" tests="2" name="quickacademy.MymavenProject.SeliniumTest" time="41.765" errors="0" timestamp="2021-02-18T17:00:03 IST" skipped="0">
  <testcase classname="quickacademy.MymavenProject.SeliniumTest" name="BrowserAutomation" time="17.466"/>
  <system-out/>
  <testcase classname="quickacademy.MymavenProject.SeliniumTest" name="ElementUI" time="24.299"/>
  <system-out/>
</testsuite> <!-- quickacademy.MymavenProject.SeliniumTest -->
