<?xml version="1.0" encoding="UTF-8"?>
<!-- Generated by org.testng.reporters.JUnitReportReporter -->
<testsuite hostname="DESKTOP-BH068LO" failures="0" tests="2" name="quickacademy.MymavenProject.RestAPITest" time="0.001" errors="0" timestamp="2021-02-18T17:00:03 IST" skipped="0">
  <testcase classname="quickacademy.MymavenProject.RestAPITest" name="PostJira" time="0.000"/>
  <system-out/>
  <testcase classname="quickacademy.MymavenProject.RestAPITest" name="deleteTwitter" time="0.001"/>
  <system-out/>
</testsuite> <!-- quickacademy.MymavenProject.RestAPITest -->
