<?xml version="1.0" encoding="UTF-8"?>
<!-- Generated by org.testng.reporters.JUnitReportReporter -->
<testsuite hostname="DESKTOP-BH068LO" failures="0" tests="2" name="quickacademy.MymavenProject.AppiumTest" time="0.009" errors="0" timestamp="2021-02-18T17:00:03 IST" skipped="0">
  <testcase classname="quickacademy.MymavenProject.AppiumTest" name="IOAPP" time="0.004"/>
  <system-out/>
  <testcase classname="quickacademy.MymavenProject.AppiumTest" name="NativeAppAndroid" time="0.005"/>
  <system-out/>
</testsuite> <!-- quickacademy.MymavenProject.AppiumTest -->
